<?xml version="1.0" encoding="UTF-8"?>
<Site BuildName="Linux-g++"
	BuildStamp="20220903-1101-Experimental"
	Name="archlinux"
	Generator="ctest-3.24.1"
	CompilerName="/sbin/g++"
	CompilerVersion="12.2.0"
	OSName="Linux"
	Hostname="archlinux"
	OSRelease="5.15.64-1-lts"
	OSVersion="#1 SMP Wed, 31 Aug 2022 17:46:31 +0000"
	OSPlatform="x86_64"
	Is64Bits="1"
	VendorString="GenuineIntel"
	VendorID="Intel Corporation"
	FamilyID="6"
	ModelID="158"
	ProcessorCacheSize="8192"
	NumberOfLogicalCPU="8"
	NumberOfPhysicalCPU="4"
	TotalVirtualMemory="0"
	TotalPhysicalMemory="7791"
	LogicalProcessorsPerPhysical="2"
	ProcessorClockFrequency="2400"
	>
	<Testing>
		<StartDateTime>Sep 03 07:01 EDT</StartDateTime>
		<StartTestTime>1662202889</StartTestTime>
		<TestList/>
		<EndDateTime>Sep 03 07:01 EDT</EndDateTime>
		<EndTestTime>1662202889</EndTestTime>
		<ElapsedMinutes>0</ElapsedMinutes>
	</Testing>
</Site>
